Looking for git in: git
Using git 2.17.1 from git
Opening repository for path='/home/ubuntu' failed; ex=Failed to execute git {
  "exitCode": 128,
  "gitErrorCode": "NotAGitRepository",
  "gitCommand": "rev-parse",
  "stdout": "",
  "stderr": "fatal: not a git repository (or any of the parent directories): .git\n"
}
Opening repository for path='/home/ubuntu/.bash_history' failed; ex=Error: spawn ENOTDIR
Opening repository for path='/home/ubuntu/.bash_logout' failed; ex=Error: spawn ENOTDIR
Opening repository for path='/home/ubuntu/.bashrc' failed; ex=Error: spawn ENOTDIR
Opening repository for path='/home/ubuntu/.cache' failed; ex=Failed to execute git {
  "exitCode": 128,
  "gitErrorCode": "NotAGitRepository",
  "gitCommand": "rev-parse",
  "stdout": "",
  "stderr": "fatal: not a git repository (or any of the parent directories): .git\n"
}
Opening repository for path='/home/ubuntu/.gnupg' failed; ex=Failed to execute git {
  "exitCode": 128,
  "gitErrorCode": "NotAGitRepository",
  "gitCommand": "rev-parse",
  "stdout": "",
  "stderr": "fatal: not a git repository (or any of the parent directories): .git\n"
}
Opening repository for path='/home/ubuntu/.profile' failed; ex=Error: spawn ENOTDIR
Opening repository for path='/home/ubuntu/.ssh' failed; ex=Failed to execute git {
  "exitCode": 128,
  "gitErrorCode": "NotAGitRepository",
  "gitCommand": "rev-parse",
  "stdout": "",
  "stderr": "fatal: not a git repository (or any of the parent directories): .git\n"
}
Opening repository for path='/home/ubuntu/.sudo_as_admin_successful' failed; ex=Error: spawn ENOTDIR
Opening repository for path='/home/ubuntu/.vscode-server' failed; ex=Failed to execute git {
  "exitCode": 128,
  "gitErrorCode": "NotAGitRepository",
  "gitCommand": "rev-parse",
  "stdout": "",
  "stderr": "fatal: not a git repository (or any of the parent directories): .git\n"
}
Opening repository for path='/home/ubuntu/.wget-hsts' failed; ex=Error: spawn ENOTDIR
Opening repository for path='/home/ubuntu/redis-image' failed; ex=Failed to execute git {
  "exitCode": 128,
  "gitErrorCode": "NotAGitRepository",
  "gitCommand": "rev-parse",
  "stdout": "",
  "stderr": "fatal: not a git repository (or any of the parent directories): .git\n"
}
Opening repository for path='/home/ubuntu' failed; ex=Failed to execute git {
  "exitCode": 128,
  "gitErrorCode": "NotAGitRepository",
  "gitCommand": "rev-parse",
  "stdout": "",
  "stderr": "fatal: not a git repository (or any of the parent directories): .git\n"
}
